  main.cpp
E:\Users\LYQ\Desktop\task\implement length extension attack for SM3\main.cpp(13,20): warning C4018: “<”: 有符号/无符号不匹配
E:\Users\LYQ\Desktop\task\implement length extension attack for SM3\main.cpp(29,20): warning C4018: “<”: 有符号/无符号不匹配
E:\Users\LYQ\Desktop\task\implement length extension attack for SM3\main.cpp(43,20): warning C4018: “<”: 有符号/无符号不匹配
E:\Users\LYQ\Desktop\task\implement length extension attack for SM3\main.cpp(44,53): warning C4244: “+=”: 从“double”转换到“int”，可能丢失数据
E:\Users\LYQ\Desktop\task\implement length extension attack for SM3\main.cpp(62,20): warning C4018: “<”: 有符号/无符号不匹配
E:\Users\LYQ\Desktop\task\implement length extension attack for SM3\main.cpp(64,60): warning C4244: “+=”: 从“double”转换到“int”，可能丢失数据
E:\Users\LYQ\Desktop\task\implement length extension attack for SM3\main.cpp(67,55): warning C4244: “+=”: 从“double”转换到“int”，可能丢失数据
E:\Users\LYQ\Desktop\task\implement length extension attack for SM3\main.cpp(92,20): warning C4018: “<”: 有符号/无符号不匹配
E:\Users\LYQ\Desktop\task\implement length extension attack for SM3\main.cpp(96,20): warning C4018: “<”: 有符号/无符号不匹配
E:\Users\LYQ\Desktop\task\implement length extension attack for SM3\main.cpp(129,20): warning C4018: “<”: 有符号/无符号不匹配
E:\Users\LYQ\Desktop\task\implement length extension attack for SM3\main.cpp(144,20): warning C4018: “<”: 有符号/无符号不匹配
E:\Users\LYQ\Desktop\task\implement length extension attack for SM3\main.cpp(159,20): warning C4018: “<”: 有符号/无符号不匹配
E:\Users\LYQ\Desktop\task\implement length extension attack for SM3\main.cpp(173,20): warning C4018: “<”: 有符号/无符号不匹配
E:\Users\LYQ\Desktop\task\implement length extension attack for SM3\main.cpp(328,20): warning C4018: “<”: 有符号/无符号不匹配
  Previous IPDB not found, fall back to full compilation.
  正在生成代码
  All 169 functions were compiled because no usable IPDB/IOBJ from previous compilation was found.
  已完成代码的生成
  implement length extension attack for SM3.vcxproj -> E:\Users\LYQ\Desktop\task\implement length extension attack for SM3\Release\implement length extension attack for SM3.exe
